<?xml version="1.0" encoding="UTF-8"?>
<testsuite xmlns:xsi="http://www.w3.org/2001/XMLSchema-instance" xsi:schemaLocation="https://maven.apache.org/surefire/maven-surefire-plugin/xsd/surefire-test-report.xsd" name="com.cap1.Cap1Test" time="493.761" tests="25" errors="0" skipped="2" failures="6">
  <properties>
[...]
</properties>
  <testcase name="Cap1Func" classname="com.cap1.Cap1Test" time="9.058">
    <failure message="expected [Explore Credit Cards &amp; Apply Online | Capital One] but found [Capital One]" type="java.lang.AssertionError"><![CDATA[java.lang.AssertionError: expected [Explore Credit Cards & Apply Online | Capital One] but found [Capital One]
	at com.cap1.Cap1Test.Cap1Func(Cap1Test.java:135)
]]></failure>
    <system-out><![CDATA[WebDriverRemoteWebDriver: internet explorer on WINDOWS (09d124efacfb46b799090bc7eda476a1)
SauceOnDemandSessionID=09d124efacfb46b799090bc7eda476a1 job-name=Cap1Func
WebDriverRemoteWebDriver: msedge on WINDOWS (e1e5c1ea89cf4487a29dfa6fa93b6fbc)
SauceOnDemandSessionID=e1e5c1ea89cf4487a29dfa6fa93b6fbc job-name=Cap1Func
WebDriverRemoteWebDriver: msedge on WINDOWS (42ce406ab00e47339fc3180bf490bc9f)
SauceOnDemandSessionID=42ce406ab00e47339fc3180bf490bc9f job-name=Cap1PageTitle
WebDriverRemoteWebDriver: internet explorer on WINDOWS (6a76290f840747e380701dbdfb7c815a)
SauceOnDemandSessionID=6a76290f840747e380701dbdfb7c815a job-name=Cap1PageTitle
]]></system-out>
    <system-err><![CDATA[Jul 29, 2022 10:32:26 AM org.openqa.selenium.remote.ProtocolHandshake createSession
INFO: Detected dialect: OSS
Jul 29, 2022 10:32:27 AM org.openqa.selenium.remote.ProtocolHandshake createSession
INFO: Detected dialect: OSS
Jul 29, 2022 10:32:27 AM org.openqa.selenium.remote.ProtocolHandshake createSession
INFO: Detected dialect: OSS
Jul 29, 2022 10:32:28 AM org.openqa.selenium.remote.ProtocolHandshake createSession
INFO: Detected dialect: OSS
]]></system-err>
  </testcase>
  <testcase name="Cap1Func" classname="com.cap1.Cap1Test" time="6.164">
    <failure message="expected [Explore Credit Cards &amp; Apply Online | Capital One] but found [Capital One]" type="java.lang.AssertionError"><![CDATA[java.lang.AssertionError: expected [Explore Credit Cards & Apply Online | Capital One] but found [Capital One]
	at com.cap1.Cap1Test.Cap1Func(Cap1Test.java:135)
]]></failure>
    <system-out><![CDATA[WebDriverRemoteWebDriver: chrome on MAC (2766db4a107148b69d2d2bc1a4ed6569)
SauceOnDemandSessionID=2766db4a107148b69d2d2bc1a4ed6569 job-name=Cap1PageTitle
WebDriverRemoteWebDriver: firefox on ANY (b8ed315d2f50487a9092d9043706ffa1)
SauceOnDemandSessionID=b8ed315d2f50487a9092d9043706ffa1 job-name=Cap1Func
]]></system-out>
    <system-err><![CDATA[Jul 29, 2022 10:32:38 AM org.openqa.selenium.remote.ProtocolHandshake createSession
INFO: Detected dialect: OSS
Jul 29, 2022 10:32:39 AM org.openqa.selenium.remote.ProtocolHandshake createSession
INFO: Detected dialect: OSS
]]></system-err>
  </testcase>
  <testcase name="Cap1Func" classname="com.cap1.Cap1Test" time="10.733"/>
  <testcase name="Cap1Func" classname="com.cap1.Cap1Test" time="25.023"/>
  <testcase name="Cap1Func" classname="com.cap1.Cap1Test" time="27.045"/>
  <testcase name="Cap1Func" classname="com.cap1.Cap1Test" time="31.155"/>
  <testcase name="Cap1Func" classname="com.cap1.Cap1Test" time="31.92"/>
  <testcase name="Cap1Func" classname="com.cap1.Cap1Test" time="54.835"/>
  <testcase name="Cap1Func" classname="com.cap1.Cap1Test" time="67.468">
    <failure message="expected [Explore Credit Cards &amp; Apply Online | Capital One] but found [Capital One]" type="java.lang.AssertionError"><![CDATA[java.lang.AssertionError: expected [Explore Credit Cards & Apply Online | Capital One] but found [Capital One]
	at com.cap1.Cap1Test.Cap1Func(Cap1Test.java:135)
]]></failure>
  </testcase>
  <testcase name="Cap1Func" classname="com.cap1.Cap1Test" time="323.787"/>
  <testcase name="Cap1Func" classname="com.cap1.Cap1Test" time="480.678">
    <failure message="Invalid message: Due to a previous error, this job has already finished.  (WARNING: The server did not provide any stacktrace information)&#10;Command duration or timeout: 0 milliseconds&#10;Build info: version: &apos;3.14.0&apos;, revision: &apos;aacccce0&apos;, time: &apos;2018-08-02T20:19:58.91Z&apos;&#10;System info: host: &apos;SL-1549.lan&apos;, ip: &apos;fe80:0:0:0:1c32:d269:d0d0:1bb8%en0&apos;, os.name: &apos;Mac OS X&apos;, os.arch: &apos;x86_64&apos;, os.version: &apos;10.16&apos;, java.version: &apos;1.8.0_271&apos;&#10;Driver info: org.openqa.selenium.remote.RemoteWebDriver&#10;Capabilities {acceptInsecureCerts: false, acceptSslCerts: false, browserConnectionEnabled: false, browserName: chrome, chrome: {chromedriverVersion: 103.0.5060.53 (a1711811edd7..., userDataDir: /var/folders/x8/0hf91b3x6n5...}, cssSelectorsEnabled: true, databaseEnabled: false, goog:chromeOptions: {debuggerAddress: localhost:64533}, handlesAlerts: true, hasMetadata: true, hasTouchScreen: false, javascriptEnabled: true, locationContextEnabled: true, mobileEmulationEnabled: false, nativeEvents: true, networkConnectionEnabled: false, pageLoadStrategy: normal, platform: MAC, platformName: MAC, proxy: Proxy(), rotatable: false, setWindowRect: true, strictFileInteractability: false, takesHeapSnapshot: true, takesScreenshot: true, timeouts: {implicit: 0, pageLoad: 300000, script: 30000}, unexpectedAlertBehaviour: ignore, unhandledPromptBehavior: ignore, version: 76.0.3809.87, webStorageEnabled: true, webauthn:extension:credBlob: true, webauthn:extension:largeBlob: true, webauthn:virtualAuthenticators: true, webdriver.remote.sessionid: 07584742c38e480b89844267b5e...}&#10;Session ID: 07584742c38e480b89844267b5efbabb" type="org.openqa.selenium.WebDriverException">org.openqa.selenium.WebDriverException: 
Invalid message: Due to a previous error, this job has already finished.  (WARNING: The server did not provide any stacktrace information)
Command duration or timeout: 0 milliseconds
Build info: version: '3.14.0', revision: 'aacccce0', time: '2018-08-02T20:19:58.91Z'
System info: host: 'SL-1549.lan', ip: 'fe80:0:0:0:1c32:d269:d0d0:1bb8%en0', os.name: 'Mac OS X', os.arch: 'x86_64', os.version: '10.16', java.version: '1.8.0_271'
Driver info: org.openqa.selenium.remote.RemoteWebDriver
Capabilities {acceptInsecureCerts: false, acceptSslCerts: false, browserConnectionEnabled: false, browserName: chrome, chrome: {chromedriverVersion: 103.0.5060.53 (a1711811edd7..., userDataDir: /var/folders/x8/0hf91b3x6n5...}, cssSelectorsEnabled: true, databaseEnabled: false, goog:chromeOptions: {debuggerAddress: localhost:64533}, handlesAlerts: true, hasMetadata: true, hasTouchScreen: false, javascriptEnabled: true, locationContextEnabled: true, mobileEmulationEnabled: false, nativeEvents: true, networkConnectionEnabled: false, pageLoadStrategy: normal, platform: MAC, platformName: MAC, proxy: Proxy(), rotatable: false, setWindowRect: true, strictFileInteractability: false, takesHeapSnapshot: true, takesScreenshot: true, timeouts: {implicit: 0, pageLoad: 300000, script: 30000}, unexpectedAlertBehaviour: ignore, unhandledPromptBehavior: ignore, version: 76.0.3809.87, webStorageEnabled: true, webauthn:extension:credBlob: true, webauthn:extension:largeBlob: true, webauthn:virtualAuthenticators: true, webdriver.remote.sessionid: 07584742c38e480b89844267b5e...}
Session ID: 07584742c38e480b89844267b5efbabb
	at com.cap1.Cap1Test.Cap1Func(Cap1Test.java:139)
</failure>
  </testcase>
  <testcase name="Cap1PageTitle" classname="com.cap1.Cap1Test" time="2.456"/>
  <testcase name="Cap1PageTitle" classname="com.cap1.Cap1Test" time="1.197"/>
  <testcase name="Cap1PageTitle" classname="com.cap1.Cap1Test" time="5.641"/>
  <testcase name="Cap1PageTitle" classname="com.cap1.Cap1Test" time="7.933"/>
  <testcase name="Cap1PageTitle" classname="com.cap1.Cap1Test" time="13.153"/>
  <testcase name="Cap1PageTitle" classname="com.cap1.Cap1Test" time="19.806"/>
  <testcase name="Cap1PageTitle" classname="com.cap1.Cap1Test" time="20.083"/>
  <testcase name="Cap1PageTitle" classname="com.cap1.Cap1Test" time="29.287"/>
  <testcase name="Cap1PageTitle" classname="com.cap1.Cap1Test" time="86.291"/>
  <testcase name="Cap1PageTitle" classname="com.cap1.Cap1Test" time="101.988"/>
  <testcase name="Cap1PageTitle" classname="com.cap1.Cap1Test" time="307.732">
    <failure message="Invalid message: Due to a previous error, this job has already finished.  (WARNING: The server did not provide any stacktrace information)&#10;Command duration or timeout: 0 milliseconds&#10;Build info: version: &apos;3.14.0&apos;, revision: &apos;aacccce0&apos;, time: &apos;2018-08-02T20:19:58.91Z&apos;&#10;System info: host: &apos;SL-1549.lan&apos;, ip: &apos;fe80:0:0:0:1c32:d269:d0d0:1bb8%en0&apos;, os.name: &apos;Mac OS X&apos;, os.arch: &apos;x86_64&apos;, os.version: &apos;10.16&apos;, java.version: &apos;1.8.0_271&apos;&#10;Driver info: org.openqa.selenium.remote.RemoteWebDriver&#10;Capabilities {applicationCacheEnabled: true, browserName: safari, cleanSession: true, cssSelectorsEnabled: true, databaseEnabled: true, handlesAlerts: true, hasMetadata: true, javascriptEnabled: true, locationContextEnabled: false, nativeEvents: true, platform: MAC, platformName: MAC, rotatable: false, version: 12604.5.6.1.1, webStorageEnabled: true, webdriver.remote.sessionid: 0b26e62766ef43a2b4c54716421...}&#10;Session ID: 0b26e62766ef43a2b4c5471642142017" type="org.openqa.selenium.WebDriverException">org.openqa.selenium.WebDriverException: 
Invalid message: Due to a previous error, this job has already finished.  (WARNING: The server did not provide any stacktrace information)
Command duration or timeout: 0 milliseconds
Build info: version: '3.14.0', revision: 'aacccce0', time: '2018-08-02T20:19:58.91Z'
System info: host: 'SL-1549.lan', ip: 'fe80:0:0:0:1c32:d269:d0d0:1bb8%en0', os.name: 'Mac OS X', os.arch: 'x86_64', os.version: '10.16', java.version: '1.8.0_271'
Driver info: org.openqa.selenium.remote.RemoteWebDriver
Capabilities {applicationCacheEnabled: true, browserName: safari, cleanSession: true, cssSelectorsEnabled: true, databaseEnabled: true, handlesAlerts: true, hasMetadata: true, javascriptEnabled: true, locationContextEnabled: false, nativeEvents: true, platform: MAC, platformName: MAC, rotatable: false, version: 12604.5.6.1.1, webStorageEnabled: true, webdriver.remote.sessionid: 0b26e62766ef43a2b4c54716421...}
Session ID: 0b26e62766ef43a2b4c5471642142017
	at com.cap1.Cap1Test.Cap1PageTitle(Cap1Test.java:128)
</failure>
  </testcase>
  <testcase name="tearDown" classname="com.cap1.Cap1Test" time="308.325">
    <failure message="Invalid message: Due to a previous error, this job has already finished.  (WARNING: The server did not provide any stacktrace information)&#10;Command duration or timeout: 0 milliseconds&#10;Build info: version: &apos;3.14.0&apos;, revision: &apos;aacccce0&apos;, time: &apos;2018-08-02T20:19:58.91Z&apos;&#10;System info: host: &apos;SL-1549.lan&apos;, ip: &apos;fe80:0:0:0:1c32:d269:d0d0:1bb8%en0&apos;, os.name: &apos;Mac OS X&apos;, os.arch: &apos;x86_64&apos;, os.version: &apos;10.16&apos;, java.version: &apos;1.8.0_271&apos;&#10;Driver info: org.openqa.selenium.remote.RemoteWebDriver&#10;Capabilities {applicationCacheEnabled: true, browserName: safari, cleanSession: true, cssSelectorsEnabled: true, databaseEnabled: true, handlesAlerts: true, hasMetadata: true, javascriptEnabled: true, locationContextEnabled: false, nativeEvents: true, platform: MAC, platformName: MAC, rotatable: false, version: 12604.5.6.1.1, webStorageEnabled: true, webdriver.remote.sessionid: 0b26e62766ef43a2b4c54716421...}&#10;Session ID: 0b26e62766ef43a2b4c5471642142017" type="org.openqa.selenium.WebDriverException">org.openqa.selenium.WebDriverException: 
Invalid message: Due to a previous error, this job has already finished.  (WARNING: The server did not provide any stacktrace information)
Command duration or timeout: 0 milliseconds
Build info: version: '3.14.0', revision: 'aacccce0', time: '2018-08-02T20:19:58.91Z'
System info: host: 'SL-1549.lan', ip: 'fe80:0:0:0:1c32:d269:d0d0:1bb8%en0', os.name: 'Mac OS X', os.arch: 'x86_64', os.version: '10.16', java.version: '1.8.0_271'
Driver info: org.openqa.selenium.remote.RemoteWebDriver
Capabilities {applicationCacheEnabled: true, browserName: safari, cleanSession: true, cssSelectorsEnabled: true, databaseEnabled: true, handlesAlerts: true, hasMetadata: true, javascriptEnabled: true, locationContextEnabled: false, nativeEvents: true, platform: MAC, platformName: MAC, rotatable: false, version: 12604.5.6.1.1, webStorageEnabled: true, webdriver.remote.sessionid: 0b26e62766ef43a2b4c54716421...}
Session ID: 0b26e62766ef43a2b4c5471642142017
	at com.cap1.Cap1Test.tearDown(Cap1Test.java:111)
</failure>
  </testcase>
  <testcase name="tearDown" classname="com.cap1.Cap1Test" time="0">
    <skipped/>
  </testcase>
  <testcase name="tearDown" classname="com.cap1.Cap1Test" time="0">
    <skipped/>
  </testcase>
</testsuite>